mode: set
github.com/monetas/bmd/bmpeer/peer.go:57.33,61.2 1 1
github.com/monetas/bmd/bmpeer/peer.go:65.29,70.39 3 1
github.com/monetas/bmd/bmpeer/peer.go:75.2,75.44 1 1
github.com/monetas/bmd/bmpeer/peer.go:79.2,81.24 2 1
github.com/monetas/bmd/bmpeer/peer.go:84.2,87.37 3 1
github.com/monetas/bmd/bmpeer/peer.go:70.39,72.3 1 1
github.com/monetas/bmd/bmpeer/peer.go:75.44,77.3 1 1
github.com/monetas/bmd/bmpeer/peer.go:81.24,83.3 1 1
github.com/monetas/bmd/bmpeer/peer.go:92.30,97.41 3 1
github.com/monetas/bmd/bmpeer/peer.go:101.2,101.25 1 1
github.com/monetas/bmd/bmpeer/peer.go:109.2,116.12 5 1
github.com/monetas/bmd/bmpeer/peer.go:97.41,99.3 1 1
github.com/monetas/bmd/bmpeer/peer.go:101.25,103.17 2 1
github.com/monetas/bmd/bmpeer/peer.go:103.17,106.4 2 1
github.com/monetas/bmd/bmpeer/peer.go:121.32,122.24 1 1
github.com/monetas/bmd/bmpeer/peer.go:126.2,126.42 1 1
github.com/monetas/bmd/bmpeer/peer.go:130.2,131.16 2 1
github.com/monetas/bmd/bmpeer/peer.go:135.2,135.12 1 1
github.com/monetas/bmd/bmpeer/peer.go:122.24,124.3 1 1
github.com/monetas/bmd/bmpeer/peer.go:126.42,128.3 1 1
github.com/monetas/bmd/bmpeer/peer.go:131.16,133.3 1 1
github.com/monetas/bmd/bmpeer/peer.go:140.76,144.89 1 1
github.com/monetas/bmd/bmpeer/peer.go:148.1,149.43 1 1
github.com/monetas/bmd/bmpeer/peer.go:210.2,214.16 2 1
github.com/monetas/bmd/bmpeer/peer.go:144.89,146.3 1 1
github.com/monetas/bmd/bmpeer/peer.go:149.43,153.17 3 1
github.com/monetas/bmd/bmpeer/peer.go:158.3,160.29 3 1
github.com/monetas/bmd/bmpeer/peer.go:189.3,189.17 1 1
github.com/monetas/bmd/bmpeer/peer.go:192.3,192.28 1 1
github.com/monetas/bmd/bmpeer/peer.go:153.17,154.13 1 1
github.com/monetas/bmd/bmpeer/peer.go:161.3,163.24 2 1
github.com/monetas/bmd/bmpeer/peer.go:165.3,167.24 2 1
github.com/monetas/bmd/bmpeer/peer.go:169.3,171.24 2 1
github.com/monetas/bmd/bmpeer/peer.go:173.3,175.24 2 1
github.com/monetas/bmd/bmpeer/peer.go:177.3,179.24 2 1
github.com/monetas/bmd/bmpeer/peer.go:181.3,183.24 2 1
github.com/monetas/bmd/bmpeer/peer.go:185.3,186.24 1 0
github.com/monetas/bmd/bmpeer/peer.go:189.17,190.13 1 1
github.com/monetas/bmd/bmpeer/peer.go:192.28,194.4 1 1
github.com/monetas/bmd/bmpeer/peer.go:218.71,224.2 1 1
github.com/monetas/bmd/bmpeer/connection.go:51.60,53.20 1 1
github.com/monetas/bmd/bmpeer/connection.go:58.2,65.16 6 1
github.com/monetas/bmd/bmpeer/connection.go:70.2,70.12 1 1
github.com/monetas/bmd/bmpeer/connection.go:53.20,55.3 1 1
github.com/monetas/bmd/bmpeer/connection.go:65.16,68.3 2 1
github.com/monetas/bmd/bmpeer/connection.go:74.59,76.20 1 1
github.com/monetas/bmd/bmpeer/connection.go:80.2,87.16 6 1
github.com/monetas/bmd/bmpeer/connection.go:92.2,94.17 2 1
github.com/monetas/bmd/bmpeer/connection.go:76.20,78.3 1 1
github.com/monetas/bmd/bmpeer/connection.go:87.16,90.3 2 1
github.com/monetas/bmd/bmpeer/connection.go:98.45,103.2 4 1
github.com/monetas/bmd/bmpeer/connection.go:106.42,111.2 4 1
github.com/monetas/bmd/bmpeer/connection.go:114.45,117.2 2 1
github.com/monetas/bmd/bmpeer/connection.go:120.44,123.2 2 1
github.com/monetas/bmd/bmpeer/connection.go:126.45,127.20 1 1
github.com/monetas/bmd/bmpeer/connection.go:130.2,130.29 1 1
github.com/monetas/bmd/bmpeer/connection.go:127.20,129.3 1 1
github.com/monetas/bmd/bmpeer/connection.go:134.31,135.20 1 1
github.com/monetas/bmd/bmpeer/connection.go:140.2,140.21 1 1
github.com/monetas/bmd/bmpeer/connection.go:135.20,138.3 2 1
github.com/monetas/bmd/bmpeer/connection.go:144.40,146.2 1 1
github.com/monetas/bmd/bmpeer/connection.go:151.39,152.20 1 1
github.com/monetas/bmd/bmpeer/connection.go:156.2,157.16 2 1
github.com/monetas/bmd/bmpeer/connection.go:161.2,165.12 4 1
github.com/monetas/bmd/bmpeer/connection.go:152.20,154.3 1 1
github.com/monetas/bmd/bmpeer/connection.go:157.16,159.3 1 1
github.com/monetas/bmd/bmpeer/connection.go:169.46,175.55 2 1
github.com/monetas/bmd/bmpeer/connection.go:179.2,181.11 2 1
github.com/monetas/bmd/bmpeer/connection.go:175.55,177.3 1 0
github.com/monetas/bmd/bmpeer/sendqueue.go:82.59,83.19 1 1
github.com/monetas/bmd/bmpeer/sendqueue.go:87.2,87.9 1 1
github.com/monetas/bmd/bmpeer/sendqueue.go:83.19,85.3 1 1
github.com/monetas/bmd/bmpeer/sendqueue.go:88.2,89.13 1 1
github.com/monetas/bmd/bmpeer/sendqueue.go:90.2,91.43 1 1
github.com/monetas/bmd/bmpeer/sendqueue.go:96.66,97.19 1 1
github.com/monetas/bmd/bmpeer/sendqueue.go:101.2,101.9 1 1
github.com/monetas/bmd/bmpeer/sendqueue.go:97.19,99.3 1 1
github.com/monetas/bmd/bmpeer/sendqueue.go:102.2,103.13 1 1
github.com/monetas/bmd/bmpeer/sendqueue.go:104.2,105.48 1 1
github.com/monetas/bmd/bmpeer/sendqueue.go:111.64,112.19 1 1
github.com/monetas/bmd/bmpeer/sendqueue.go:116.2,116.9 1 1
github.com/monetas/bmd/bmpeer/sendqueue.go:112.19,114.3 1 1
github.com/monetas/bmd/bmpeer/sendqueue.go:117.2,118.13 1 1
github.com/monetas/bmd/bmpeer/sendqueue.go:119.2,120.45 1 1
github.com/monetas/bmd/bmpeer/sendqueue.go:125.45,130.42 2 1
github.com/monetas/bmd/bmpeer/sendqueue.go:135.2,143.35 6 1
github.com/monetas/bmd/bmpeer/sendqueue.go:130.42,132.3 1 1
github.com/monetas/bmd/bmpeer/sendqueue.go:147.37,149.2 1 1
github.com/monetas/bmd/bmpeer/sendqueue.go:152.29,154.42 1 1
github.com/monetas/bmd/bmpeer/sendqueue.go:158.2,167.6 4 1
github.com/monetas/bmd/bmpeer/sendqueue.go:175.1,176.6 1 1
github.com/monetas/bmd/bmpeer/sendqueue.go:185.2,187.19 3 1
github.com/monetas/bmd/bmpeer/sendqueue.go:154.42,156.3 1 1
github.com/monetas/bmd/bmpeer/sendqueue.go:167.6,168.10 1 1
github.com/monetas/bmd/bmpeer/sendqueue.go:169.3,169.26 0 1
github.com/monetas/bmd/bmpeer/sendqueue.go:170.3,170.27 0 1
github.com/monetas/bmd/bmpeer/sendqueue.go:171.3,172.16 1 1
github.com/monetas/bmd/bmpeer/sendqueue.go:176.6,177.10 1 1
github.com/monetas/bmd/bmpeer/sendqueue.go:178.3,178.22 0 1
github.com/monetas/bmd/bmpeer/sendqueue.go:179.3,179.23 0 0
github.com/monetas/bmd/bmpeer/sendqueue.go:180.3,181.16 1 1
github.com/monetas/bmd/bmpeer/sendqueue.go:192.43,194.6 1 1
github.com/monetas/bmd/bmpeer/sendqueue.go:208.2,208.18 1 1
github.com/monetas/bmd/bmpeer/sendqueue.go:194.6,195.10 1 1
github.com/monetas/bmd/bmpeer/sendqueue.go:196.3,197.13 1 1
github.com/monetas/bmd/bmpeer/sendqueue.go:198.3,199.32 1 1
github.com/monetas/bmd/bmpeer/sendqueue.go:199.32,201.19 2 1
github.com/monetas/bmd/bmpeer/sendqueue.go:201.19,203.6 1 1
github.com/monetas/bmd/bmpeer/sendqueue.go:215.63,220.6 3 1
github.com/monetas/bmd/bmpeer/sendqueue.go:260.2,260.68 1 1
github.com/monetas/bmd/bmpeer/sendqueue.go:264.2,264.18 1 1
github.com/monetas/bmd/bmpeer/sendqueue.go:220.6,221.10 1 1
github.com/monetas/bmd/bmpeer/sendqueue.go:223.3,224.13 1 1
github.com/monetas/bmd/bmpeer/sendqueue.go:226.3,227.29 1 1
github.com/monetas/bmd/bmpeer/sendqueue.go:229.3,233.48 1 1
github.com/monetas/bmd/bmpeer/sendqueue.go:239.4,240.70 2 1
github.com/monetas/bmd/bmpeer/sendqueue.go:252.4,252.31 1 1
github.com/monetas/bmd/bmpeer/sendqueue.go:233.48,234.13 1 1
github.com/monetas/bmd/bmpeer/sendqueue.go:240.70,243.28 2 1
github.com/monetas/bmd/bmpeer/sendqueue.go:243.28,245.50 2 1
github.com/monetas/bmd/bmpeer/sendqueue.go:245.50,248.7 2 1
github.com/monetas/bmd/bmpeer/sendqueue.go:252.31,254.5 1 1
github.com/monetas/bmd/bmpeer/sendqueue.go:260.68,262.3 1 1
github.com/monetas/bmd/bmpeer/sendqueue.go:270.35,272.6 1 1
github.com/monetas/bmd/bmpeer/sendqueue.go:298.2,298.18 1 1
github.com/monetas/bmd/bmpeer/sendqueue.go:272.6,275.10 2 1
github.com/monetas/bmd/bmpeer/sendqueue.go:284.3,284.17 1 1
github.com/monetas/bmd/bmpeer/sendqueue.go:276.3,277.13 1 1
github.com/monetas/bmd/bmpeer/sendqueue.go:280.3,280.28 0 1
github.com/monetas/bmd/bmpeer/sendqueue.go:281.3,281.29 0 1
github.com/monetas/bmd/bmpeer/sendqueue.go:284.17,286.18 2 1
github.com/monetas/bmd/bmpeer/sendqueue.go:286.18,290.15 2 1
github.com/monetas/bmd/bmpeer/sendqueue.go:293.5,293.11 1 1
github.com/monetas/bmd/bmpeer/sendqueue.go:290.15,292.6 1 1
github.com/monetas/bmd/bmpeer/sendqueue.go:302.67,314.2 1 1
github.com/monetas/bmd/bmpeer/sendqueue.go:319.69,321.16 2 1
github.com/monetas/bmd/bmpeer/sendqueue.go:325.2,326.16 2 1
github.com/monetas/bmd/bmpeer/sendqueue.go:330.2,330.12 1 1
github.com/monetas/bmd/bmpeer/sendqueue.go:321.16,323.3 1 1
github.com/monetas/bmd/bmpeer/sendqueue.go:326.16,328.3 1 1
github.com/monetas/bmd/bmpeer/mruinvmap.go:26.42,28.2 1 1
github.com/monetas/bmd/bmpeer/mruinvmap.go:31.57,32.40 1 1
github.com/monetas/bmd/bmpeer/mruinvmap.go:35.2,35.14 1 1
github.com/monetas/bmd/bmpeer/mruinvmap.go:32.40,34.3 1 1
github.com/monetas/bmd/bmpeer/mruinvmap.go:40.49,43.18 1 1
github.com/monetas/bmd/bmpeer/mruinvmap.go:49.2,49.43 1 1
github.com/monetas/bmd/bmpeer/mruinvmap.go:57.2,57.37 1 1
github.com/monetas/bmd/bmpeer/mruinvmap.go:73.2,75.8 3 1
github.com/monetas/bmd/bmpeer/mruinvmap.go:43.18,45.3 1 1
github.com/monetas/bmd/bmpeer/mruinvmap.go:49.43,52.3 2 1
github.com/monetas/bmd/bmpeer/mruinvmap.go:57.37,70.3 7 1
github.com/monetas/bmd/bmpeer/mruinvmap.go:79.52,80.43 1 1
github.com/monetas/bmd/bmpeer/mruinvmap.go:80.43,83.3 2 1
github.com/monetas/bmd/bmpeer/mruinvmap.go:88.72,92.27 3 1
github.com/monetas/bmd/bmpeer/mruinvmap.go:100.2,100.21 1 1
github.com/monetas/bmd/bmpeer/mruinvmap.go:92.27,93.21 1 1
github.com/monetas/bmd/bmpeer/mruinvmap.go:93.21,97.4 3 1
github.com/monetas/bmd/bmpeer/mruinvmap.go:107.54,114.2 2 1
github.com/monetas/bmd/bmpeer/inventory.go:20.57,24.29 3 1
github.com/monetas/bmd/bmpeer/inventory.go:27.2,27.14 1 1
github.com/monetas/bmd/bmpeer/inventory.go:24.29,26.3 1 1
github.com/monetas/bmd/bmpeer/inventory.go:32.53,37.2 3 1
github.com/monetas/bmd/bmpeer/inventory.go:40.55,45.2 3 1
github.com/monetas/bmd/bmpeer/inventory.go:49.68,53.33 3 1
github.com/monetas/bmd/bmpeer/inventory.go:57.2,57.14 1 1
github.com/monetas/bmd/bmpeer/inventory.go:53.33,56.3 2 1
github.com/monetas/bmd/bmpeer/inventory.go:63.70,68.2 3 1
github.com/monetas/bmd/bmpeer/inventory.go:73.74,78.2 3 1
github.com/monetas/bmd/bmpeer/inventory.go:81.32,86.2 1 1
github.com/monetas/bmd/bmpeer/listener.go:31.50,33.16 2 1
github.com/monetas/bmd/bmpeer/listener.go:37.2,43.71 2 1
github.com/monetas/bmd/bmpeer/listener.go:47.2,47.24 1 1
github.com/monetas/bmd/bmpeer/listener.go:33.16,35.3 1 1
github.com/monetas/bmd/bmpeer/listener.go:43.71,45.3 1 0
github.com/monetas/bmd/bmpeer/listener.go:51.35,53.2 1 1
github.com/monetas/bmd/bmpeer/listener.go:56.37,58.2 1 1
github.com/monetas/bmd/bmpeer/listener.go:65.53,67.16 2 1
github.com/monetas/bmd/bmpeer/listener.go:70.2,72.8 1 1
github.com/monetas/bmd/bmpeer/listener.go:67.16,69.3 1 1
