mode: set
github.com/monetas/bmd/database/memdb/driver.go:19.13,22.2 2 1
github.com/monetas/bmd/database/memdb/driver.go:25.60,26.20 1 1
github.com/monetas/bmd/database/memdb/driver.go:31.2,31.12 1 1
github.com/monetas/bmd/database/memdb/driver.go:26.20,29.3 1 0
github.com/monetas/bmd/database/memdb/driver.go:35.55,36.53 1 1
github.com/monetas/bmd/database/memdb/driver.go:40.2,42.24 2 1
github.com/monetas/bmd/database/memdb/driver.go:36.53,38.3 1 0
github.com/monetas/bmd/database/memdb/memdb.go:31.29,33.2 1 1
github.com/monetas/bmd/database/memdb/memdb.go:35.39,37.2 1 1
github.com/monetas/bmd/database/memdb/memdb.go:39.34,41.2 1 1
github.com/monetas/bmd/database/memdb/memdb.go:52.49,55.2 2 1
github.com/monetas/bmd/database/memdb/memdb.go:92.63,93.17 1 1
github.com/monetas/bmd/database/memdb/memdb.go:94.2,95.29 1 1
github.com/monetas/bmd/database/memdb/memdb.go:96.2,97.23 1 1
github.com/monetas/bmd/database/memdb/memdb.go:98.2,99.26 1 1
github.com/monetas/bmd/database/memdb/memdb.go:100.2,101.29 1 1
github.com/monetas/bmd/database/memdb/memdb.go:102.2,103.30 1 1
github.com/monetas/bmd/database/memdb/memdb.go:112.32,116.15 3 1
github.com/monetas/bmd/database/memdb/memdb.go:120.2,129.12 10 1
github.com/monetas/bmd/database/memdb/memdb.go:116.15,118.3 1 0
github.com/monetas/bmd/database/memdb/memdb.go:135.65,139.15 3 1
github.com/monetas/bmd/database/memdb/memdb.go:143.2,143.50 1 1
github.com/monetas/bmd/database/memdb/memdb.go:147.2,147.19 1 1
github.com/monetas/bmd/database/memdb/memdb.go:139.15,141.3 1 0
github.com/monetas/bmd/database/memdb/memdb.go:143.50,145.3 1 1
github.com/monetas/bmd/database/memdb/memdb.go:151.81,152.55 1 1
github.com/monetas/bmd/database/memdb/memdb.go:156.2,156.43 1 1
github.com/monetas/bmd/database/memdb/memdb.go:152.55,154.3 1 1
github.com/monetas/bmd/database/memdb/memdb.go:160.81,164.15 3 1
github.com/monetas/bmd/database/memdb/memdb.go:168.2,168.35 1 1
github.com/monetas/bmd/database/memdb/memdb.go:164.15,166.3 1 0
github.com/monetas/bmd/database/memdb/memdb.go:176.43,179.15 3 1
github.com/monetas/bmd/database/memdb/memdb.go:183.2,185.9 3 1
github.com/monetas/bmd/database/memdb/memdb.go:188.2,189.17 2 1
github.com/monetas/bmd/database/memdb/memdb.go:179.15,181.3 1 0
github.com/monetas/bmd/database/memdb/memdb.go:185.9,187.3 1 1
github.com/monetas/bmd/database/memdb/memdb.go:197.62,200.15 3 1
github.com/monetas/bmd/database/memdb/memdb.go:204.2,211.38 4 1
github.com/monetas/bmd/database/memdb/memdb.go:218.2,220.20 3 1
github.com/monetas/bmd/database/memdb/memdb.go:228.2,231.25 2 1
github.com/monetas/bmd/database/memdb/memdb.go:238.2,238.33 1 1
github.com/monetas/bmd/database/memdb/memdb.go:200.15,202.3 1 0
github.com/monetas/bmd/database/memdb/memdb.go:211.38,212.18 1 1
github.com/monetas/bmd/database/memdb/memdb.go:215.3,216.6 2 1
github.com/monetas/bmd/database/memdb/memdb.go:212.18,213.12 1 1
github.com/monetas/bmd/database/memdb/memdb.go:220.20,222.3 1 1
github.com/monetas/bmd/database/memdb/memdb.go:222.3,222.39 1 1
github.com/monetas/bmd/database/memdb/memdb.go:222.39,224.3 1 1
github.com/monetas/bmd/database/memdb/memdb.go:224.3,227.3 2 1
github.com/monetas/bmd/database/memdb/memdb.go:231.25,236.3 3 1
github.com/monetas/bmd/database/memdb/memdb.go:246.9,250.15 3 1
github.com/monetas/bmd/database/memdb/memdb.go:254.2,255.16 2 1
github.com/monetas/bmd/database/memdb/memdb.go:260.2,261.8 2 1
github.com/monetas/bmd/database/memdb/memdb.go:264.2,265.47 1 1
github.com/monetas/bmd/database/memdb/memdb.go:272.2,272.49 1 1
github.com/monetas/bmd/database/memdb/memdb.go:277.2,282.9 4 1
github.com/monetas/bmd/database/memdb/memdb.go:286.2,287.16 2 1
github.com/monetas/bmd/database/memdb/memdb.go:292.2,303.16 6 1
github.com/monetas/bmd/database/memdb/memdb.go:250.15,252.3 1 0
github.com/monetas/bmd/database/memdb/memdb.go:255.16,257.3 1 0
github.com/monetas/bmd/database/memdb/memdb.go:261.8,263.3 1 1
github.com/monetas/bmd/database/memdb/memdb.go:265.47,269.3 1 1
github.com/monetas/bmd/database/memdb/memdb.go:272.49,274.3 1 0
github.com/monetas/bmd/database/memdb/memdb.go:282.9,284.3 1 1
github.com/monetas/bmd/database/memdb/memdb.go:287.16,289.3 1 0
github.com/monetas/bmd/database/memdb/memdb.go:311.78,315.15 3 1
github.com/monetas/bmd/database/memdb/memdb.go:319.2,323.37 3 1
github.com/monetas/bmd/database/memdb/memdb.go:331.2,331.17 1 1
github.com/monetas/bmd/database/memdb/memdb.go:315.15,317.3 1 0
github.com/monetas/bmd/database/memdb/memdb.go:323.37,324.23 1 1
github.com/monetas/bmd/database/memdb/memdb.go:327.3,328.12 2 1
github.com/monetas/bmd/database/memdb/memdb.go:324.23,325.9 1 1
github.com/monetas/bmd/database/memdb/memdb.go:336.70,339.15 3 1
github.com/monetas/bmd/database/memdb/memdb.go:343.2,344.26 2 1
github.com/monetas/bmd/database/memdb/memdb.go:339.15,341.3 1 0
github.com/monetas/bmd/database/memdb/memdb.go:353.68,356.15 3 1
github.com/monetas/bmd/database/memdb/memdb.go:360.2,361.42 2 1
github.com/monetas/bmd/database/memdb/memdb.go:366.2,366.45 1 1
github.com/monetas/bmd/database/memdb/memdb.go:415.1,423.35 4 1
github.com/monetas/bmd/database/memdb/memdb.go:356.15,358.3 1 0
github.com/monetas/bmd/database/memdb/memdb.go:361.42,363.3 1 1
github.com/monetas/bmd/database/memdb/memdb.go:366.45,369.17 3 1
github.com/monetas/bmd/database/memdb/memdb.go:373.3,373.28 1 1
github.com/monetas/bmd/database/memdb/memdb.go:369.17,370.19 1 1
github.com/monetas/bmd/database/memdb/memdb.go:374.3,375.15 1 1
github.com/monetas/bmd/database/memdb/memdb.go:376.3,379.18 2 1
github.com/monetas/bmd/database/memdb/memdb.go:384.4,385.18 2 1
github.com/monetas/bmd/database/memdb/memdb.go:389.4,394.18 3 1
github.com/monetas/bmd/database/memdb/memdb.go:399.4,399.55 1 1
github.com/monetas/bmd/database/memdb/memdb.go:407.4,407.35 1 1
github.com/monetas/bmd/database/memdb/memdb.go:409.3,411.55 1 1
github.com/monetas/bmd/database/memdb/memdb.go:379.18,380.20 1 0
github.com/monetas/bmd/database/memdb/memdb.go:385.18,386.20 1 0
github.com/monetas/bmd/database/memdb/memdb.go:394.18,395.20 1 0
github.com/monetas/bmd/database/memdb/memdb.go:399.55,401.19 2 1
github.com/monetas/bmd/database/memdb/memdb.go:401.19,402.21 1 0
github.com/monetas/bmd/database/memdb/memdb.go:428.57,431.15 3 1
github.com/monetas/bmd/database/memdb/memdb.go:435.2,436.9 2 1
github.com/monetas/bmd/database/memdb/memdb.go:441.2,443.41 2 1
github.com/monetas/bmd/database/memdb/memdb.go:451.2,453.12 2 1
github.com/monetas/bmd/database/memdb/memdb.go:431.15,433.3 1 0
github.com/monetas/bmd/database/memdb/memdb.go:436.9,438.3 1 1
github.com/monetas/bmd/database/memdb/memdb.go:443.41,444.22 1 1
github.com/monetas/bmd/database/memdb/memdb.go:444.22,446.9 2 1
github.com/monetas/bmd/database/memdb/memdb.go:459.24,463.15 3 1
github.com/monetas/bmd/database/memdb/memdb.go:467.2,469.9 3 1
github.com/monetas/bmd/database/memdb/memdb.go:473.2,475.12 3 1
github.com/monetas/bmd/database/memdb/memdb.go:463.15,465.3 1 0
github.com/monetas/bmd/database/memdb/memdb.go:469.9,471.3 1 1
github.com/monetas/bmd/database/memdb/memdb.go:482.66,485.15 3 1
github.com/monetas/bmd/database/memdb/memdb.go:489.2,491.42 2 1
github.com/monetas/bmd/database/memdb/memdb.go:512.2,512.27 1 1
github.com/monetas/bmd/database/memdb/memdb.go:485.15,487.3 1 0
github.com/monetas/bmd/database/memdb/memdb.go:491.42,493.60 1 1
github.com/monetas/bmd/database/memdb/memdb.go:493.60,497.43 2 1
github.com/monetas/bmd/database/memdb/memdb.go:505.4,508.48 2 1
github.com/monetas/bmd/database/memdb/memdb.go:497.43,498.25 1 1
github.com/monetas/bmd/database/memdb/memdb.go:498.25,500.11 2 1
github.com/monetas/bmd/database/memdb/memdb.go:519.65,522.15 3 1
github.com/monetas/bmd/database/memdb/memdb.go:526.2,527.9 2 1
github.com/monetas/bmd/database/memdb/memdb.go:531.2,532.12 2 1
github.com/monetas/bmd/database/memdb/memdb.go:522.15,524.3 1 0
github.com/monetas/bmd/database/memdb/memdb.go:527.9,529.3 1 1
github.com/monetas/bmd/database/memdb/memdb.go:540.67,543.15 3 1
github.com/monetas/bmd/database/memdb/memdb.go:547.2,548.16 2 1
github.com/monetas/bmd/database/memdb/memdb.go:552.2,553.9 2 1
github.com/monetas/bmd/database/memdb/memdb.go:557.2,558.12 2 1
github.com/monetas/bmd/database/memdb/memdb.go:543.15,545.3 1 0
github.com/monetas/bmd/database/memdb/memdb.go:548.16,550.3 1 0
github.com/monetas/bmd/database/memdb/memdb.go:553.9,555.3 1 1
github.com/monetas/bmd/database/memdb/memdb.go:563.24,575.2 2 1
